<?xml version="1.0" encoding="UTF-8"?>
<testng-results ignored="0" total="2" passed="1" failed="1" skipped="0">
  <reporter-output>
  </reporter-output>
  <suite started-at="2022-11-06T10:07:24 IST" name="Default suite" finished-at="2022-11-06T10:08:02 IST" duration-ms="37097">
    <groups>
    </groups>
    <test started-at="2022-11-06T10:07:24 IST" name="Default test" finished-at="2022-11-06T10:08:02 IST" duration-ms="37097">
      <class name="Module_Login1_TestClass.OrangeHRM_TestNG_TestClass">
        <test-method is-config="true" signature="OpenBrowser()[pri:0, instance:Module_Login1_TestClass.OrangeHRM_TestNG_TestClass@209da20d]" started-at="2022-11-06T10:07:25 IST" name="OpenBrowser" finished-at="2022-11-06T10:07:49 IST" duration-ms="24644" status="PASS">
          <reporter-output>
          </reporter-output>
        </test-method> <!-- OpenBrowser -->
        <test-method is-config="true" signature="login()[pri:0, instance:Module_Login1_TestClass.OrangeHRM_TestNG_TestClass@209da20d]" started-at="2022-11-06T10:07:49 IST" name="login" finished-at="2022-11-06T10:07:51 IST" duration-ms="1389" status="PASS">
          <reporter-output>
          </reporter-output>
        </test-method> <!-- login -->
        <test-method signature="verifyUserName()[pri:1, instance:Module_Login1_TestClass.OrangeHRM_TestNG_TestClass@209da20d]" started-at="2022-11-06T10:07:51 IST" name="verifyUserName" finished-at="2022-11-06T10:07:55 IST" duration-ms="4516" status="FAIL">
          <exception class="java.lang.AssertionError">
            <message>
              <![CDATA[expected [Paul Collings] but found [SARA Asaad]]]>
            </message>
            <full-stacktrace>
              <![CDATA[java.lang.AssertionError: expected [Paul Collings] but found [SARA Asaad]
at org.testng.Assert.fail(Assert.java:99)
at org.testng.Assert.failNotEquals(Assert.java:1037)
at org.testng.Assert.assertEqualsImpl(Assert.java:140)
at org.testng.Assert.assertEquals(Assert.java:122)
at org.testng.Assert.assertEquals(Assert.java:629)
at org.testng.Assert.assertEquals(Assert.java:639)
at Module_Login1_TestClass.OrangeHRM_TestNG_TestClass.verifyUserName(OrangeHRM_TestNG_TestClass.java:63)
at java.base/jdk.internal.reflect.NativeMethodAccessorImpl.invoke0(Native Method)
at java.base/jdk.internal.reflect.NativeMethodAccessorImpl.invoke(NativeMethodAccessorImpl.java:62)
at java.base/jdk.internal.reflect.DelegatingMethodAccessorImpl.invoke(DelegatingMethodAccessorImpl.java:43)
at java.base/java.lang.reflect.Method.invoke(Method.java:566)
at org.testng.internal.MethodInvocationHelper.invokeMethod(MethodInvocationHelper.java:133)
at org.testng.internal.TestInvoker.invokeMethod(TestInvoker.java:598)
at org.testng.internal.TestInvoker.invokeTestMethod(TestInvoker.java:173)
at org.testng.internal.MethodRunner.runInSequence(MethodRunner.java:46)
at org.testng.internal.TestInvoker$MethodInvocationAgent.invoke(TestInvoker.java:824)
at org.testng.internal.TestInvoker.invokeTestMethods(TestInvoker.java:146)
at org.testng.internal.TestMethodWorker.invokeTestMethods(TestMethodWorker.java:146)
at org.testng.internal.TestMethodWorker.run(TestMethodWorker.java:128)
at java.base/java.util.ArrayList.forEach(ArrayList.java:1541)
at org.testng.TestRunner.privateRun(TestRunner.java:794)
at org.testng.TestRunner.run(TestRunner.java:596)
at org.testng.SuiteRunner.runTest(SuiteRunner.java:377)
at org.testng.SuiteRunner.runSequentially(SuiteRunner.java:371)
at org.testng.SuiteRunner.privateRun(SuiteRunner.java:332)
at org.testng.SuiteRunner.run(SuiteRunner.java:276)
at org.testng.SuiteRunnerWorker.runSuite(SuiteRunnerWorker.java:53)
at org.testng.SuiteRunnerWorker.run(SuiteRunnerWorker.java:96)
at org.testng.TestNG.runSuitesSequentially(TestNG.java:1212)
at org.testng.TestNG.runSuitesLocally(TestNG.java:1134)
at org.testng.TestNG.runSuites(TestNG.java:1063)
at org.testng.TestNG.run(TestNG.java:1031)
at org.testng.remote.AbstractRemoteTestNG.run(AbstractRemoteTestNG.java:115)
at org.testng.remote.RemoteTestNG.initAndRun(RemoteTestNG.java:251)
at org.testng.remote.RemoteTestNG.main(RemoteTestNG.java:77)
]]>
            </full-stacktrace>
          </exception> <!-- java.lang.AssertionError -->
          <reporter-output>
          </reporter-output>
        </test-method> <!-- verifyUserName -->
        <test-method is-config="true" signature="logout(org.testng.ITestResult)[pri:0, instance:Module_Login1_TestClass.OrangeHRM_TestNG_TestClass@209da20d]" started-at="2022-11-06T10:07:55 IST" name="logout" finished-at="2022-11-06T10:07:57 IST" duration-ms="1933" status="PASS">
          <params>
            <param index="0">
              <value>
                <![CDATA[[TestResult name=verifyUserName status=FAILURE method=OrangeHRM_TestNG_TestClass.verifyUserName()[pri:1, instance:Module_Login1_TestClass.OrangeHRM_TestNG_TestClass@209da20d] output={null}]]]>
              </value>
            </param>
          </params>
          <reporter-output>
          </reporter-output>
        </test-method> <!-- logout -->
        <test-method is-config="true" signature="login()[pri:0, instance:Module_Login1_TestClass.OrangeHRM_TestNG_TestClass@209da20d]" started-at="2022-11-06T10:07:57 IST" name="login" finished-at="2022-11-06T10:07:59 IST" duration-ms="2148" status="PASS">
          <reporter-output>
          </reporter-output>
        </test-method> <!-- login -->
        <test-method signature="VerifyTitle()[pri:2, instance:Module_Login1_TestClass.OrangeHRM_TestNG_TestClass@209da20d]" started-at="2022-11-06T10:07:59 IST" name="VerifyTitle" finished-at="2022-11-06T10:07:59 IST" duration-ms="102" status="PASS">
          <reporter-output>
          </reporter-output>
        </test-method> <!-- VerifyTitle -->
        <test-method is-config="true" signature="logout(org.testng.ITestResult)[pri:0, instance:Module_Login1_TestClass.OrangeHRM_TestNG_TestClass@209da20d]" started-at="2022-11-06T10:07:59 IST" name="logout" finished-at="2022-11-06T10:08:01 IST" duration-ms="1944" status="PASS">
          <params>
            <param index="0">
              <value>
                <![CDATA[[TestResult name=VerifyTitle status=SUCCESS method=OrangeHRM_TestNG_TestClass.VerifyTitle()[pri:2, instance:Module_Login1_TestClass.OrangeHRM_TestNG_TestClass@209da20d] output={null}]]]>
              </value>
            </param>
          </params>
          <reporter-output>
          </reporter-output>
        </test-method> <!-- logout -->
        <test-method is-config="true" signature="CloseBrowser()[pri:0, instance:Module_Login1_TestClass.OrangeHRM_TestNG_TestClass@209da20d]" started-at="2022-11-06T10:08:01 IST" name="CloseBrowser" finished-at="2022-11-06T10:08:02 IST" duration-ms="230" status="PASS">
          <reporter-output>
          </reporter-output>
        </test-method> <!-- CloseBrowser -->
      </class> <!-- Module_Login1_TestClass.OrangeHRM_TestNG_TestClass -->
    </test> <!-- Default test -->
  </suite> <!-- Default suite -->
</testng-results>
